c:\users\administrator\source\repos\aimonitor\aimonitor\generatedfiles\ui_aimonitor.h
c:\users\administrator\source\repos\aimonitor\aimonitor\x64\debug\uic\ui_loginwidget.h
c:\users\administrator\source\repos\aimonitor\aimonitor\x64\debug\rcc\qrc_aimonitor.cpp
c:\users\administrator\source\repos\aimonitor\aimonitor\x64\debug\moc\moc_loginwidget.cpp
c:\users\administrator\source\repos\aimonitor\aimonitor\x64\debug\moc\moc_capture.cpp
c:\users\administrator\source\repos\aimonitor\aimonitor\x64\debug\moc\moc_hik.cpp
c:\users\administrator\source\repos\aimonitor\aimonitor\x64\debug\moc\moc_aimonitor.cpp
c:\users\administrator\source\repos\aimonitor\aimonitor\x64\debug\moc_capture.obj
c:\users\administrator\source\repos\aimonitor\aimonitor\x64\debug\moc_loginwidget.obj
c:\users\administrator\source\repos\aimonitor\aimonitor\x64\debug\qrc_aimonitor.obj
c:\users\administrator\source\repos\aimonitor\aimonitor\x64\debug\moc_hik.obj
c:\users\administrator\source\repos\aimonitor\aimonitor\x64\debug\moc_aimonitor.obj
c:\users\administrator\source\repos\aimonitor\aimonitor\x64\debug\capture.obj
c:\users\administrator\source\repos\aimonitor\aimonitor\x64\debug\main.obj
c:\users\administrator\source\repos\aimonitor\aimonitor\x64\debug\hik.obj
c:\users\administrator\source\repos\aimonitor\aimonitor\x64\debug\config.obj
c:\users\administrator\source\repos\aimonitor\aimonitor\x64\debug\aimonitor.obj
c:\users\administrator\source\repos\aimonitor\aimonitor\x64\debug\loginwidget.obj
c:\users\administrator\source\repos\aimonitor\aimonitor\x64\debug\vc141.pdb
c:\users\administrator\source\repos\aimonitor\aimonitor\.\generatedfiles\ui_aimonitor.h
c:\users\administrator\source\repos\aimonitor\x64\debug\aimonitor.pdb
c:\users\administrator\source\repos\aimonitor\aimonitor\x64\debug\aimonitor.tlog\aimonitor.write.1u.tlog
c:\users\administrator\source\repos\aimonitor\aimonitor\x64\debug\aimonitor.tlog\cl.command.1.tlog
c:\users\administrator\source\repos\aimonitor\aimonitor\x64\debug\aimonitor.tlog\cl.read.1.tlog
c:\users\administrator\source\repos\aimonitor\aimonitor\x64\debug\aimonitor.tlog\cl.write.1.tlog
c:\users\administrator\source\repos\aimonitor\aimonitor\x64\debug\aimonitor.tlog\link-cvtres.read.1.tlog
c:\users\administrator\source\repos\aimonitor\aimonitor\x64\debug\aimonitor.tlog\link-cvtres.write.1.tlog
c:\users\administrator\source\repos\aimonitor\aimonitor\x64\debug\aimonitor.tlog\link-rc.read.1.tlog
c:\users\administrator\source\repos\aimonitor\aimonitor\x64\debug\aimonitor.tlog\link-rc.write.1.tlog
c:\users\administrator\source\repos\aimonitor\aimonitor\x64\debug\aimonitor.tlog\link.command.1.tlog
c:\users\administrator\source\repos\aimonitor\aimonitor\x64\debug\aimonitor.tlog\link.read.1.tlog
c:\users\administrator\source\repos\aimonitor\aimonitor\x64\debug\aimonitor.tlog\link.write.1.tlog
c:\users\administrator\source\repos\aimonitor\aimonitor\x64\debug\aimonitor.tlog\moc.read.1u.tlog
c:\users\administrator\source\repos\aimonitor\aimonitor\x64\debug\aimonitor.tlog\moc.write.1u.tlog
c:\users\administrator\source\repos\aimonitor\aimonitor\x64\debug\aimonitor.tlog\rcc.read.1u.tlog
c:\users\administrator\source\repos\aimonitor\aimonitor\x64\debug\aimonitor.tlog\rcc.write.1u.tlog
c:\users\administrator\source\repos\aimonitor\aimonitor\x64\debug\aimonitor.tlog\uic.read.1u.tlog
c:\users\administrator\source\repos\aimonitor\aimonitor\x64\debug\aimonitor.tlog\uic.write.1u.tlog
