e:\硕士开题\aimonitor\aimonitor\.\generatedfiles\ui_aimonitor.h
e:\硕士开题\aimonitor\aimonitor\x64\release\uic\ui_loginwidget.h
e:\硕士开题\aimonitor\aimonitor\x64\release\uic\ui_videodialog.h
e:\硕士开题\aimonitor\aimonitor\x64\release\rcc\qrc_aimonitor.cpp
e:\硕士开题\aimonitor\aimonitor\x64\release\moc\moc_loginwidget.cpp
e:\硕士开题\aimonitor\aimonitor\x64\release\moc\moc_videodialog.cpp
e:\硕士开题\aimonitor\aimonitor\x64\release\moc\moc_capture.cpp
e:\硕士开题\aimonitor\aimonitor\x64\release\moc\moc_hik.cpp
e:\硕士开题\aimonitor\aimonitor\x64\release\moc\moc_aimonitor.cpp
e:\硕士开题\aimonitor\aimonitor\generatedfiles\ui_aimonitor.h
e:\硕士开题\aimonitor\aimonitor\x64\release\capture.obj
e:\硕士开题\aimonitor\aimonitor\x64\release\videodialog.obj
e:\硕士开题\aimonitor\aimonitor\x64\release\loginwidget.obj
e:\硕士开题\aimonitor\aimonitor\x64\release\config.obj
e:\硕士开题\aimonitor\aimonitor\x64\release\hik.obj
e:\硕士开题\aimonitor\aimonitor\x64\release\main.obj
e:\硕士开题\aimonitor\aimonitor\x64\release\aimonitor.tlog\uic.read.1u.tlog
e:\硕士开题\aimonitor\aimonitor\x64\release\aimonitor.tlog\rcc.read.1u.tlog
e:\硕士开题\aimonitor\aimonitor\x64\release\aimonitor.tlog\moc.read.1u.tlog
e:\硕士开题\aimonitor\aimonitor\x64\release\aimonitor.tlog\uic.write.1u.tlog
e:\硕士开题\aimonitor\aimonitor\x64\release\aimonitor.tlog\rcc.write.1u.tlog
e:\硕士开题\aimonitor\aimonitor\x64\release\aimonitor.tlog\moc.write.1u.tlog
e:\硕士开题\aimonitor\aimonitor\x64\release\aimonitor.tlog\aimonitor.write.1u.tlog
e:\硕士开题\aimonitor\aimonitor\x64\release\aimonitor.tlog\cl.25272.write.1.tlog
e:\硕士开题\aimonitor\aimonitor\x64\release\aimonitor.tlog\cl.read.1.tlog
e:\硕士开题\aimonitor\aimonitor\x64\release\aimonitor.tlog\cl.command.1.tlog
